2024-02-29 11:49:07,179 [Worker-6: Loading available Gradle versions] INFO  o.e.b.c.i.u.g.PublishedGradleVersions - Gradle version information cache is out-of-date. Trying to update.
2024-03-02 11:21:26,179 [Worker-9: Loading available Gradle versions] INFO  o.e.b.c.i.u.g.PublishedGradleVersions - Gradle version information cache is up-to-date. Trying to read.
2024-03-05 11:09:10,968 [Worker-3: Loading available Gradle versions] INFO  o.e.b.c.i.u.g.PublishedGradleVersions - Gradle version information cache is out-of-date. Trying to update.
2024-03-07 11:57:11,791 [Worker-1: Loading available Gradle versions] INFO  o.e.b.c.i.u.g.PublishedGradleVersions - Gradle version information cache is up-to-date. Trying to read.
2024-04-09 11:55:37,051 [Worker-4: Loading available Gradle versions] INFO  o.e.b.c.i.u.g.PublishedGradleVersions - Gradle version information cache is out-of-date. Trying to update.
2024-04-09 13:07:45,981 [Worker-6: Loading available Gradle versions] INFO  o.e.b.c.i.u.g.PublishedGradleVersions - Gradle version information cache is up-to-date. Trying to read.
2024-04-09 13:21:17,337 [Worker-5: Loading available Gradle versions] INFO  o.e.b.c.i.u.g.PublishedGradleVersions - Gradle version information cache is up-to-date. Trying to read.
2024-04-09 15:15:32,557 [Worker-0: Loading available Gradle versions] INFO  o.e.b.c.i.u.g.PublishedGradleVersions - Gradle version information cache is up-to-date. Trying to read.
2024-04-11 11:39:45,700 [Worker-3: Loading available Gradle versions] INFO  o.e.b.c.i.u.g.PublishedGradleVersions - Gradle version information cache is out-of-date. Trying to update.
2024-04-13 11:57:50,364 [Worker-4: Loading available Gradle versions] INFO  o.e.b.c.i.u.g.PublishedGradleVersions - Gradle version information cache is up-to-date. Trying to read.
2024-04-13 12:15:46,142 [Worker-6: Loading available Gradle versions] INFO  o.e.b.c.i.u.g.PublishedGradleVersions - Gradle version information cache is up-to-date. Trying to read.
2024-04-16 11:40:17,103 [Worker-2: Loading available Gradle versions] INFO  o.e.b.c.i.u.g.PublishedGradleVersions - Gradle version information cache is up-to-date. Trying to read.
2024-04-16 11:40:48,523 [Worker-1: Loading available Gradle versions] INFO  o.e.b.c.i.u.g.PublishedGradleVersions - Gradle version information cache is up-to-date. Trying to read.
2024-04-16 15:26:10,894 [Worker-5: Loading available Gradle versions] INFO  o.e.b.c.i.u.g.PublishedGradleVersions - Gradle version information cache is out-of-date. Trying to update.
2024-04-18 12:10:09,471 [Worker-1: Loading available Gradle versions] INFO  o.e.b.c.i.u.g.PublishedGradleVersions - Gradle version information cache is up-to-date. Trying to read.
2024-04-20 11:49:11,286 [Worker-1: Loading available Gradle versions] INFO  o.e.b.c.i.u.g.PublishedGradleVersions - Gradle version information cache is up-to-date. Trying to read.
2024-04-23 11:30:49,518 [Worker-7: Loading available Gradle versions] INFO  o.e.b.c.i.u.g.PublishedGradleVersions - Gradle version information cache is up-to-date. Trying to read.
2024-04-23 11:50:39,381 [Worker-3: Loading available Gradle versions] INFO  o.e.b.c.i.u.g.PublishedGradleVersions - Gradle version information cache is up-to-date. Trying to read.
2024-04-25 11:59:28,351 [Worker-0: Loading available Gradle versions] INFO  o.e.b.c.i.u.g.PublishedGradleVersions - Gradle version information cache is up-to-date. Trying to read.
2024-04-30 11:47:43,057 [Worker-4: Loading available Gradle versions] INFO  o.e.b.c.i.u.g.PublishedGradleVersions - Gradle version information cache is out-of-date. Trying to update.
2024-05-02 13:01:57,668 [Worker-3: Loading available Gradle versions] INFO  o.e.b.c.i.u.g.PublishedGradleVersions - Gradle version information cache is up-to-date. Trying to read.
2024-05-09 12:29:04,025 [Worker-2: Loading available Gradle versions] INFO  o.e.b.c.i.u.g.PublishedGradleVersions - Gradle version information cache is up-to-date. Trying to read.
2024-05-11 12:05:53,623 [Worker-1: Loading available Gradle versions] INFO  o.e.b.c.i.u.g.PublishedGradleVersions - Gradle version information cache is out-of-date. Trying to update.
2024-05-14 11:57:18,590 [Worker-0: Loading available Gradle versions] INFO  o.e.b.c.i.u.g.PublishedGradleVersions - Gradle version information cache is out-of-date. Trying to update.
2024-05-14 12:25:13,296 [Worker-0: Loading available Gradle versions] INFO  o.e.b.c.i.u.g.PublishedGradleVersions - Gradle version information cache is up-to-date. Trying to read.
2024-05-16 12:30:41,009 [Worker-3: Loading available Gradle versions] INFO  o.e.b.c.i.u.g.PublishedGradleVersions - Gradle version information cache is up-to-date. Trying to read.
2024-05-21 12:18:41,216 [Worker-5: Loading available Gradle versions] INFO  o.e.b.c.i.u.g.PublishedGradleVersions - Gradle version information cache is up-to-date. Trying to read.
2024-05-28 12:32:33,640 [Worker-0: Loading available Gradle versions] INFO  o.e.b.c.i.u.g.PublishedGradleVersions - Gradle version information cache is out-of-date. Trying to update.
2024-05-28 12:50:36,398 [Worker-6: Launching mavenrun-f0fa942d-ea73-4ce5-a635-34940557cabc] INFO  o.eclipse.m2e.core.internal.Bundles - getClasspathEntries(Bundle=org.eclipse.m2e.maven.runtime_3.9.600.20231203-1234 [635])
2024-05-28 12:50:36,399 [Worker-6: Launching mavenrun-f0fa942d-ea73-4ce5-a635-34940557cabc] INFO  o.eclipse.m2e.core.internal.Bundles - 	Entry: C:\Users\jay-pc\.p2\pool\plugins\org.eclipse.m2e.maven.runtime_3.9.600.20231203-1234
2024-05-28 12:50:36,400 [Worker-6: Launching mavenrun-f0fa942d-ea73-4ce5-a635-34940557cabc] INFO  o.eclipse.m2e.core.internal.Bundles - 	Entry: C:\Users\jay-pc\.p2\pool\plugins\org.eclipse.m2e.maven.runtime_3.9.600.20231203-1234\jars\aopalliance-1.0.jar
2024-05-28 12:50:36,400 [Worker-6: Launching mavenrun-f0fa942d-ea73-4ce5-a635-34940557cabc] INFO  o.eclipse.m2e.core.internal.Bundles - 	Entry: C:\Users\jay-pc\.p2\pool\plugins\org.eclipse.m2e.maven.runtime_3.9.600.20231203-1234\jars\guice-5.1.0.jar
2024-05-28 12:50:36,400 [Worker-6: Launching mavenrun-f0fa942d-ea73-4ce5-a635-34940557cabc] INFO  o.eclipse.m2e.core.internal.Bundles - 	Entry: C:\Users\jay-pc\.p2\pool\plugins\org.eclipse.m2e.maven.runtime_3.9.600.20231203-1234\jars\httpclient-4.5.14.jar
2024-05-28 12:50:36,400 [Worker-6: Launching mavenrun-f0fa942d-ea73-4ce5-a635-34940557cabc] INFO  o.eclipse.m2e.core.internal.Bundles - 	Entry: C:\Users\jay-pc\.p2\pool\plugins\org.eclipse.m2e.maven.runtime_3.9.600.20231203-1234\jars\httpcore-4.4.16.jar
2024-05-28 12:50:36,400 [Worker-6: Launching mavenrun-f0fa942d-ea73-4ce5-a635-34940557cabc] INFO  o.eclipse.m2e.core.internal.Bundles - 	Entry: C:\Users\jay-pc\.p2\pool\plugins\org.eclipse.m2e.maven.runtime_3.9.600.20231203-1234\jars\jansi-2.4.0.jar
2024-05-28 12:50:36,400 [Worker-6: Launching mavenrun-f0fa942d-ea73-4ce5-a635-34940557cabc] INFO  o.eclipse.m2e.core.internal.Bundles - 	Entry: C:\Users\jay-pc\.p2\pool\plugins\org.eclipse.m2e.maven.runtime_3.9.600.20231203-1234\jars\jcl-over-slf4j-1.7.36.jar
2024-05-28 12:50:36,401 [Worker-6: Launching mavenrun-f0fa942d-ea73-4ce5-a635-34940557cabc] INFO  o.eclipse.m2e.core.internal.Bundles - 	Entry: C:\Users\jay-pc\.p2\pool\plugins\org.eclipse.m2e.maven.runtime_3.9.600.20231203-1234\jars\maven-artifact-3.9.6.jar
2024-05-28 12:50:36,401 [Worker-6: Launching mavenrun-f0fa942d-ea73-4ce5-a635-34940557cabc] INFO  o.eclipse.m2e.core.internal.Bundles - 	Entry: C:\Users\jay-pc\.p2\pool\plugins\org.eclipse.m2e.maven.runtime_3.9.600.20231203-1234\jars\maven-builder-support-3.9.6.jar
2024-05-28 12:50:36,401 [Worker-6: Launching mavenrun-f0fa942d-ea73-4ce5-a635-34940557cabc] INFO  o.eclipse.m2e.core.internal.Bundles - 	Entry: C:\Users\jay-pc\.p2\pool\plugins\org.eclipse.m2e.maven.runtime_3.9.600.20231203-1234\jars\maven-compat-3.9.6.jar
2024-05-28 12:50:36,401 [Worker-6: Launching mavenrun-f0fa942d-ea73-4ce5-a635-34940557cabc] INFO  o.eclipse.m2e.core.internal.Bundles - 	Entry: C:\Users\jay-pc\.p2\pool\plugins\org.eclipse.m2e.maven.runtime_3.9.600.20231203-1234\jars\maven-core-3.9.6.jar
2024-05-28 12:50:36,401 [Worker-6: Launching mavenrun-f0fa942d-ea73-4ce5-a635-34940557cabc] INFO  o.eclipse.m2e.core.internal.Bundles - 	Entry: C:\Users\jay-pc\.p2\pool\plugins\org.eclipse.m2e.maven.runtime_3.9.600.20231203-1234\jars\maven-embedder-3.9.6.jar
2024-05-28 12:50:36,401 [Worker-6: Launching mavenrun-f0fa942d-ea73-4ce5-a635-34940557cabc] INFO  o.eclipse.m2e.core.internal.Bundles - 	Entry: C:\Users\jay-pc\.p2\pool\plugins\org.eclipse.m2e.maven.runtime_3.9.600.20231203-1234\jars\maven-model-3.9.6.jar
2024-05-28 12:50:36,401 [Worker-6: Launching mavenrun-f0fa942d-ea73-4ce5-a635-34940557cabc] INFO  o.eclipse.m2e.core.internal.Bundles - 	Entry: C:\Users\jay-pc\.p2\pool\plugins\org.eclipse.m2e.maven.runtime_3.9.600.20231203-1234\jars\maven-model-builder-3.9.6.jar
2024-05-28 12:50:36,402 [Worker-6: Launching mavenrun-f0fa942d-ea73-4ce5-a635-34940557cabc] INFO  o.eclipse.m2e.core.internal.Bundles - 	Entry: C:\Users\jay-pc\.p2\pool\plugins\org.eclipse.m2e.maven.runtime_3.9.600.20231203-1234\jars\maven-plugin-api-3.9.6.jar
2024-05-28 12:50:36,402 [Worker-6: Launching mavenrun-f0fa942d-ea73-4ce5-a635-34940557cabc] INFO  o.eclipse.m2e.core.internal.Bundles - 	Entry: C:\Users\jay-pc\.p2\pool\plugins\org.eclipse.m2e.maven.runtime_3.9.600.20231203-1234\jars\maven-repository-metadata-3.9.6.jar
2024-05-28 12:50:36,402 [Worker-6: Launching mavenrun-f0fa942d-ea73-4ce5-a635-34940557cabc] INFO  o.eclipse.m2e.core.internal.Bundles - 	Entry: C:\Users\jay-pc\.p2\pool\plugins\org.eclipse.m2e.maven.runtime_3.9.600.20231203-1234\jars\maven-resolver-api-1.9.18.jar
2024-05-28 12:50:36,402 [Worker-6: Launching mavenrun-f0fa942d-ea73-4ce5-a635-34940557cabc] INFO  o.eclipse.m2e.core.internal.Bundles - 	Entry: C:\Users\jay-pc\.p2\pool\plugins\org.eclipse.m2e.maven.runtime_3.9.600.20231203-1234\jars\maven-resolver-connector-basic-1.9.18.jar
2024-05-28 12:50:36,402 [Worker-6: Launching mavenrun-f0fa942d-ea73-4ce5-a635-34940557cabc] INFO  o.eclipse.m2e.core.internal.Bundles - 	Entry: C:\Users\jay-pc\.p2\pool\plugins\org.eclipse.m2e.maven.runtime_3.9.600.20231203-1234\jars\maven-resolver-impl-1.9.18.jar
2024-05-28 12:50:36,402 [Worker-6: Launching mavenrun-f0fa942d-ea73-4ce5-a635-34940557cabc] INFO  o.eclipse.m2e.core.internal.Bundles - 	Entry: C:\Users\jay-pc\.p2\pool\plugins\org.eclipse.m2e.maven.runtime_3.9.600.20231203-1234\jars\maven-resolver-named-locks-1.9.18.jar
2024-05-28 12:50:36,403 [Worker-6: Launching mavenrun-f0fa942d-ea73-4ce5-a635-34940557cabc] INFO  o.eclipse.m2e.core.internal.Bundles - 	Entry: C:\Users\jay-pc\.p2\pool\plugins\org.eclipse.m2e.maven.runtime_3.9.600.20231203-1234\jars\maven-resolver-provider-3.9.6.jar
2024-05-28 12:50:36,403 [Worker-6: Launching mavenrun-f0fa942d-ea73-4ce5-a635-34940557cabc] INFO  o.eclipse.m2e.core.internal.Bundles - 	Entry: C:\Users\jay-pc\.p2\pool\plugins\org.eclipse.m2e.maven.runtime_3.9.600.20231203-1234\jars\maven-resolver-spi-1.9.18.jar
2024-05-28 12:50:36,403 [Worker-6: Launching mavenrun-f0fa942d-ea73-4ce5-a635-34940557cabc] INFO  o.eclipse.m2e.core.internal.Bundles - 	Entry: C:\Users\jay-pc\.p2\pool\plugins\org.eclipse.m2e.maven.runtime_3.9.600.20231203-1234\jars\maven-resolver-transport-file-1.9.18.jar
2024-05-28 12:50:36,403 [Worker-6: Launching mavenrun-f0fa942d-ea73-4ce5-a635-34940557cabc] INFO  o.eclipse.m2e.core.internal.Bundles - 	Entry: C:\Users\jay-pc\.p2\pool\plugins\org.eclipse.m2e.maven.runtime_3.9.600.20231203-1234\jars\maven-resolver-transport-http-1.9.18.jar
2024-05-28 12:50:36,403 [Worker-6: Launching mavenrun-f0fa942d-ea73-4ce5-a635-34940557cabc] INFO  o.eclipse.m2e.core.internal.Bundles - 	Entry: C:\Users\jay-pc\.p2\pool\plugins\org.eclipse.m2e.maven.runtime_3.9.600.20231203-1234\jars\maven-resolver-transport-wagon-1.9.18.jar
2024-05-28 12:50:36,403 [Worker-6: Launching mavenrun-f0fa942d-ea73-4ce5-a635-34940557cabc] INFO  o.eclipse.m2e.core.internal.Bundles - 	Entry: C:\Users\jay-pc\.p2\pool\plugins\org.eclipse.m2e.maven.runtime_3.9.600.20231203-1234\jars\maven-resolver-util-1.9.18.jar
2024-05-28 12:50:36,403 [Worker-6: Launching mavenrun-f0fa942d-ea73-4ce5-a635-34940557cabc] INFO  o.eclipse.m2e.core.internal.Bundles - 	Entry: C:\Users\jay-pc\.p2\pool\plugins\org.eclipse.m2e.maven.runtime_3.9.600.20231203-1234\jars\maven-settings-3.9.6.jar
2024-05-28 12:50:36,404 [Worker-6: Launching mavenrun-f0fa942d-ea73-4ce5-a635-34940557cabc] INFO  o.eclipse.m2e.core.internal.Bundles - 	Entry: C:\Users\jay-pc\.p2\pool\plugins\org.eclipse.m2e.maven.runtime_3.9.600.20231203-1234\jars\maven-settings-builder-3.9.6.jar
2024-05-28 12:50:36,404 [Worker-6: Launching mavenrun-f0fa942d-ea73-4ce5-a635-34940557cabc] INFO  o.eclipse.m2e.core.internal.Bundles - 	Entry: C:\Users\jay-pc\.p2\pool\plugins\org.eclipse.m2e.maven.runtime_3.9.600.20231203-1234\jars\maven-shared-utils-3.3.4.jar
2024-05-28 12:50:36,404 [Worker-6: Launching mavenrun-f0fa942d-ea73-4ce5-a635-34940557cabc] INFO  o.eclipse.m2e.core.internal.Bundles - 	Entry: C:\Users\jay-pc\.p2\pool\plugins\org.eclipse.m2e.maven.runtime_3.9.600.20231203-1234\jars\org.eclipse.sisu.inject-0.9.0.M2.jar
2024-05-28 12:50:36,404 [Worker-6: Launching mavenrun-f0fa942d-ea73-4ce5-a635-34940557cabc] INFO  o.eclipse.m2e.core.internal.Bundles - 	Entry: C:\Users\jay-pc\.p2\pool\plugins\org.eclipse.m2e.maven.runtime_3.9.600.20231203-1234\jars\org.eclipse.sisu.plexus-0.9.0.M2.jar
2024-05-28 12:50:36,404 [Worker-6: Launching mavenrun-f0fa942d-ea73-4ce5-a635-34940557cabc] INFO  o.eclipse.m2e.core.internal.Bundles - 	Entry: C:\Users\jay-pc\.p2\pool\plugins\org.eclipse.m2e.maven.runtime_3.9.600.20231203-1234\jars\plexus-build-api-0.0.7.jar
2024-05-28 12:50:36,404 [Worker-6: Launching mavenrun-f0fa942d-ea73-4ce5-a635-34940557cabc] INFO  o.eclipse.m2e.core.internal.Bundles - 	Entry: C:\Users\jay-pc\.p2\pool\plugins\org.eclipse.m2e.maven.runtime_3.9.600.20231203-1234\jars\plexus-cipher-2.0.jar
2024-05-28 12:50:36,404 [Worker-6: Launching mavenrun-f0fa942d-ea73-4ce5-a635-34940557cabc] INFO  o.eclipse.m2e.core.internal.Bundles - 	Entry: C:\Users\jay-pc\.p2\pool\plugins\org.eclipse.m2e.maven.runtime_3.9.600.20231203-1234\jars\plexus-classworlds-2.7.0.jar
2024-05-28 12:50:36,405 [Worker-6: Launching mavenrun-f0fa942d-ea73-4ce5-a635-34940557cabc] INFO  o.eclipse.m2e.core.internal.Bundles - 	Entry: C:\Users\jay-pc\.p2\pool\plugins\org.eclipse.m2e.maven.runtime_3.9.600.20231203-1234\jars\plexus-component-annotations-2.1.0.jar
2024-05-28 12:50:36,405 [Worker-6: Launching mavenrun-f0fa942d-ea73-4ce5-a635-34940557cabc] INFO  o.eclipse.m2e.core.internal.Bundles - 	Entry: C:\Users\jay-pc\.p2\pool\plugins\org.eclipse.m2e.maven.runtime_3.9.600.20231203-1234\jars\plexus-interpolation-1.26.jar
2024-05-28 12:50:36,405 [Worker-6: Launching mavenrun-f0fa942d-ea73-4ce5-a635-34940557cabc] INFO  o.eclipse.m2e.core.internal.Bundles - 	Entry: C:\Users\jay-pc\.p2\pool\plugins\org.eclipse.m2e.maven.runtime_3.9.600.20231203-1234\jars\plexus-sec-dispatcher-2.0.jar
2024-05-28 12:50:36,405 [Worker-6: Launching mavenrun-f0fa942d-ea73-4ce5-a635-34940557cabc] INFO  o.eclipse.m2e.core.internal.Bundles - 	Entry: C:\Users\jay-pc\.p2\pool\plugins\org.eclipse.m2e.maven.runtime_3.9.600.20231203-1234\jars\plexus-utils-3.5.1.jar
2024-05-28 12:50:36,405 [Worker-6: Launching mavenrun-f0fa942d-ea73-4ce5-a635-34940557cabc] INFO  o.eclipse.m2e.core.internal.Bundles - 	Entry: C:\Users\jay-pc\.p2\pool\plugins\org.eclipse.m2e.maven.runtime_3.9.600.20231203-1234\jars\wagon-file-3.5.3.jar
2024-05-28 12:50:36,405 [Worker-6: Launching mavenrun-f0fa942d-ea73-4ce5-a635-34940557cabc] INFO  o.eclipse.m2e.core.internal.Bundles - 	Entry: C:\Users\jay-pc\.p2\pool\plugins\org.eclipse.m2e.maven.runtime_3.9.600.20231203-1234\jars\wagon-http-3.5.3.jar
2024-05-28 12:50:36,406 [Worker-6: Launching mavenrun-f0fa942d-ea73-4ce5-a635-34940557cabc] INFO  o.eclipse.m2e.core.internal.Bundles - 	Entry: C:\Users\jay-pc\.p2\pool\plugins\org.eclipse.m2e.maven.runtime_3.9.600.20231203-1234\jars\wagon-http-shared-3.5.3.jar
2024-05-28 12:50:36,406 [Worker-6: Launching mavenrun-f0fa942d-ea73-4ce5-a635-34940557cabc] INFO  o.eclipse.m2e.core.internal.Bundles - 	Entry: C:\Users\jay-pc\.p2\pool\plugins\org.eclipse.m2e.maven.runtime_3.9.600.20231203-1234\jars\wagon-provider-api-3.5.3.jar
2024-05-28 12:50:36,407 [Worker-6: Launching mavenrun-f0fa942d-ea73-4ce5-a635-34940557cabc] INFO  o.eclipse.m2e.core.internal.Bundles - getClasspathEntries(Bundle=com.google.guava_33.0.0.jre [14])
2024-05-28 12:50:36,408 [Worker-6: Launching mavenrun-f0fa942d-ea73-4ce5-a635-34940557cabc] INFO  o.eclipse.m2e.core.internal.Bundles - 	Entry: C:\Users\jay-pc\.p2\pool\plugins\com.google.guava_33.0.0.jre.jar
2024-05-28 12:50:36,408 [Worker-6: Launching mavenrun-f0fa942d-ea73-4ce5-a635-34940557cabc] INFO  o.eclipse.m2e.core.internal.Bundles - getClasspathEntries(Bundle=slf4j.api_2.0.12 [998])
2024-05-28 12:50:36,408 [Worker-6: Launching mavenrun-f0fa942d-ea73-4ce5-a635-34940557cabc] INFO  o.eclipse.m2e.core.internal.Bundles - 	Entry: C:\Users\jay-pc\.p2\pool\plugins\slf4j.api_2.0.12.jar
2024-05-28 12:50:36,408 [Worker-6: Launching mavenrun-f0fa942d-ea73-4ce5-a635-34940557cabc] INFO  o.eclipse.m2e.core.internal.Bundles - getClasspathEntries(Bundle=javax.inject_1.0.0.v20091030 [1051])
2024-05-28 12:50:36,409 [Worker-6: Launching mavenrun-f0fa942d-ea73-4ce5-a635-34940557cabc] INFO  o.eclipse.m2e.core.internal.Bundles - 	Entry: C:\Users\jay-pc\.p2\pool\plugins\javax.inject_1.0.0.v20091030.jar
2024-05-28 12:50:36,409 [Worker-6: Launching mavenrun-f0fa942d-ea73-4ce5-a635-34940557cabc] INFO  o.eclipse.m2e.core.internal.Bundles - getClasspathEntries(Bundle=javax.annotation_1.3.5.v20200909-1856 [1050])
2024-05-28 12:50:36,409 [Worker-6: Launching mavenrun-f0fa942d-ea73-4ce5-a635-34940557cabc] INFO  o.eclipse.m2e.core.internal.Bundles - 	Entry: C:\Users\jay-pc\.p2\pool\plugins\javax.annotation_1.3.5.v20200909-1856.jar
2024-05-28 12:50:36,409 [Worker-6: Launching mavenrun-f0fa942d-ea73-4ce5-a635-34940557cabc] INFO  o.eclipse.m2e.core.internal.Bundles - getClasspathEntries(Bundle=org.apache.commons.cli_1.6.0 [75])
2024-05-28 12:50:36,410 [Worker-6: Launching mavenrun-f0fa942d-ea73-4ce5-a635-34940557cabc] INFO  o.eclipse.m2e.core.internal.Bundles - 	Entry: C:\Users\jay-pc\.p2\pool\plugins\org.apache.commons.cli_1.6.0.jar
2024-05-28 12:50:36,410 [Worker-6: Launching mavenrun-f0fa942d-ea73-4ce5-a635-34940557cabc] INFO  o.eclipse.m2e.core.internal.Bundles - getClasspathEntries(Bundle=org.apache.commons.commons-codec_1.16.0 [78])
2024-05-28 12:50:36,410 [Worker-6: Launching mavenrun-f0fa942d-ea73-4ce5-a635-34940557cabc] INFO  o.eclipse.m2e.core.internal.Bundles - 	Entry: C:\Users\jay-pc\.p2\pool\plugins\org.apache.commons.commons-codec_1.16.0.jar
2024-05-28 12:50:36,410 [Worker-6: Launching mavenrun-f0fa942d-ea73-4ce5-a635-34940557cabc] INFO  o.eclipse.m2e.core.internal.Bundles - getClasspathEntries(Bundle=org.apache.commons.lang3_3.14.0 [86])
2024-05-28 12:50:36,410 [Worker-6: Launching mavenrun-f0fa942d-ea73-4ce5-a635-34940557cabc] INFO  o.eclipse.m2e.core.internal.Bundles - 	Entry: C:\Users\jay-pc\.p2\pool\plugins\org.apache.commons.lang3_3.14.0.jar
2024-05-28 12:50:36,411 [Worker-6: Launching mavenrun-f0fa942d-ea73-4ce5-a635-34940557cabc] INFO  o.eclipse.m2e.core.internal.Bundles - getClasspathEntries(Bundle=com.google.guava.failureaccess_1.0.2 [15])
2024-05-28 12:50:36,411 [Worker-6: Launching mavenrun-f0fa942d-ea73-4ce5-a635-34940557cabc] INFO  o.eclipse.m2e.core.internal.Bundles - 	Entry: C:\Users\jay-pc\.p2\pool\plugins\com.google.guava.failureaccess_1.0.2.jar
2024-05-28 12:50:36,414 [Worker-6: Launching mavenrun-f0fa942d-ea73-4ce5-a635-34940557cabc] INFO  o.e.m.i.launch.MavenLaunchDelegate - Run build in "C:\Users\jay-pc\AppData\Local\Temp\m2e-archetypeGenerator6976650697594733920":
2024-05-28 12:50:36,418 [Worker-6: Launching mavenrun-f0fa942d-ea73-4ce5-a635-34940557cabc] INFO  o.e.m.i.launch.MavenLaunchDelegate -  mvn  -DarchetypeGroupId=org.apache.maven.archetypes -DarchetypeArtifactId=maven-archetype-quickstart -DarchetypeVersion=1.1 -DgroupId=com.hibernate -DartifactId=HibernateCore -Dversion=0.0.1-SNAPSHOT -Dpackage=com.hibernate -DoutputDirectory="C:\Users\jay-pc\JAVA TTS 11-00 to 12-30" -Dstyle.color=always -U archetype:generate
2024-05-28 12:50:52,609 [Worker-25: Creating maven-archetype-quickstart] INFO  o.e.m.c.i.p.ProjectConfigurationManager - Collecting project info '/pom.xml' C:\Users\jay-pc\JAVA TTS 11-00 to 12-30\HibernateCore\pom.xml
2024-05-28 12:50:53,204 [Worker-25: Creating maven-archetype-quickstart] INFO  o.e.m.c.i.l.LifecycleMappingFactory - Using org.eclipse.m2e.jdt.JarLifecycleMapping lifecycle mapping for MavenProject: com.hibernate:HibernateCore:0.0.1-SNAPSHOT @ C:\Users\jay-pc\JAVA TTS 11-00 to 12-30\HibernateCore\pom.xml.
2024-05-28 12:50:53,715 [Worker-25: Creating maven-archetype-quickstart] INFO  o.e.m.j.i.AbstractJavaProjectConfigurator - Adding source folder /HibernateCore/src/main/java
2024-05-28 12:50:53,717 [Worker-25: Creating maven-archetype-quickstart] INFO  o.e.m.j.i.AbstractJavaProjectConfigurator - Adding resource folder /HibernateCore/src/main/resources
2024-05-28 12:50:53,719 [Worker-25: Creating maven-archetype-quickstart] INFO  o.e.m.j.i.AbstractJavaProjectConfigurator - Adding source folder /HibernateCore/src/test/java
2024-05-28 12:50:53,720 [Worker-25: Creating maven-archetype-quickstart] INFO  o.e.m.j.i.AbstractJavaProjectConfigurator - Adding resource folder /HibernateCore/src/test/resources
2024-05-28 12:50:53,803 [Worker-25: Creating maven-archetype-quickstart] INFO  o.e.m.c.i.p.ProjectConfigurationManager - Imported and configured 1 project(s) in 1 sec
2024-05-28 12:50:54,148 [Worker-25: Building] INFO  o.a.m.s.f.DefaultMavenResourcesFiltering - skip non existing resourceDirectory C:\Users\jay-pc\JAVA TTS 11-00 to 12-30\HibernateCore\src\main\resources
2024-05-28 12:50:54,152 [Worker-25: Building] INFO  o.a.m.s.f.DefaultMavenResourcesFiltering - skip non existing resourceDirectory C:\Users\jay-pc\JAVA TTS 11-00 to 12-30\HibernateCore\src\test\resources
2024-05-28 12:53:09,506 [Worker-6: Building] INFO  o.e.m.c.i.l.LifecycleMappingFactory - Using org.eclipse.m2e.jdt.JarLifecycleMapping lifecycle mapping for MavenProject: com.hibernate:HibernateCore:0.0.1-SNAPSHOT @ C:\Users\jay-pc\JAVA TTS 11-00 to 12-30\HibernateCore\pom.xml.
2024-05-28 12:53:09,596 [Worker-6: Building] WARN  o.e.m.c.i.embedder.EclipseLogger - The artifact mysql:mysql-connector-java:jar:8.0.33 has been relocated to com.mysql:mysql-connector-j:jar:8.0.33: MySQL Connector/J artifacts moved to reverse-DNS compliant Maven 2+ coordinates.
2024-05-28 12:53:09,794 [Worker-6: Building] INFO  o.a.m.s.f.DefaultMavenResourcesFiltering - skip non existing resourceDirectory C:\Users\jay-pc\JAVA TTS 11-00 to 12-30\HibernateCore\src\main\resources
2024-05-28 12:53:09,798 [Worker-6: Building] INFO  o.a.m.s.f.DefaultMavenResourcesFiltering - skip non existing resourceDirectory C:\Users\jay-pc\JAVA TTS 11-00 to 12-30\HibernateCore\src\test\resources
2024-05-28 12:53:10,893 [Worker-28: Download sources and javadoc] INFO  o.e.m.c.i.e.AbstractTransferListenerAdapter - Downloading https://repo.maven.apache.org/maven2/org/jboss/logging/jboss-logging/3.3.2.Final/jboss-logging-3.3.2.Final-sources.jar
2024-05-28 12:53:10,941 [Worker-28: Download sources and javadoc] INFO  o.e.m.c.i.e.AbstractTransferListenerAdapter - Downloaded https://repo.maven.apache.org/maven2/org/jboss/logging/jboss-logging/3.3.2.Final/jboss-logging-3.3.2.Final-sources.jar
2024-05-28 12:53:10,946 [Worker-28: Download sources and javadoc] INFO  o.e.m.j.internal.DownloadSourcesJob - Downloaded sources for org.jboss.logging:jboss-logging:3.3.2.Final
2024-05-28 12:53:11,009 [Worker-28: Download sources and javadoc] INFO  o.e.m.c.i.e.AbstractTransferListenerAdapter - Downloading https://repo.maven.apache.org/maven2/net/bytebuddy/byte-buddy/1.10.2/byte-buddy-1.10.2-sources.jar
2024-05-28 12:53:11,171 [Worker-26: Building] INFO  o.a.m.s.f.DefaultMavenResourcesFiltering - skip non existing resourceDirectory C:\Users\jay-pc\JAVA TTS 11-00 to 12-30\HibernateCore\src\main\resources
2024-05-28 12:53:11,174 [Worker-26: Building] INFO  o.a.m.s.f.DefaultMavenResourcesFiltering - skip non existing resourceDirectory C:\Users\jay-pc\JAVA TTS 11-00 to 12-30\HibernateCore\src\test\resources
2024-05-28 12:53:11,224 [Worker-28: Download sources and javadoc] INFO  o.e.m.c.i.e.AbstractTransferListenerAdapter - Downloaded https://repo.maven.apache.org/maven2/net/bytebuddy/byte-buddy/1.10.2/byte-buddy-1.10.2-sources.jar
2024-05-28 12:53:11,228 [Worker-28: Download sources and javadoc] INFO  o.e.m.j.internal.DownloadSourcesJob - Downloaded sources for net.bytebuddy:byte-buddy:1.10.2
2024-05-28 12:53:11,300 [Worker-28: Download sources and javadoc] INFO  o.e.m.c.i.e.AbstractTransferListenerAdapter - Downloading https://repo.maven.apache.org/maven2/com/fasterxml/classmate/1.5.1/classmate-1.5.1-sources.jar
2024-05-28 12:53:11,327 [Worker-28: Download sources and javadoc] INFO  o.e.m.c.i.e.AbstractTransferListenerAdapter - Downloaded https://repo.maven.apache.org/maven2/com/fasterxml/classmate/1.5.1/classmate-1.5.1-sources.jar
2024-05-28 12:53:11,330 [Worker-28: Download sources and javadoc] INFO  o.e.m.j.internal.DownloadSourcesJob - Downloaded sources for com.fasterxml:classmate:1.5.1
2024-05-28 12:53:11,412 [Worker-28: Download sources and javadoc] INFO  o.e.m.c.i.e.AbstractTransferListenerAdapter - Downloading https://repo.maven.apache.org/maven2/org/glassfish/jaxb/jaxb-runtime/2.3.1/jaxb-runtime-2.3.1-sources.jar
2024-05-28 12:53:11,567 [Worker-28: Download sources and javadoc] INFO  o.e.m.c.i.e.AbstractTransferListenerAdapter - Downloaded https://repo.maven.apache.org/maven2/org/glassfish/jaxb/jaxb-runtime/2.3.1/jaxb-runtime-2.3.1-sources.jar
2024-05-28 12:53:11,570 [Worker-28: Download sources and javadoc] INFO  o.e.m.j.internal.DownloadSourcesJob - Downloaded sources for org.glassfish.jaxb:jaxb-runtime:2.3.1
2024-05-28 12:53:11,644 [Worker-28: Download sources and javadoc] INFO  o.e.m.c.i.e.AbstractTransferListenerAdapter - Downloading https://repo.maven.apache.org/maven2/org/glassfish/jaxb/txw2/2.3.1/txw2-2.3.1-sources.jar
2024-05-28 12:53:11,676 [Worker-28: Download sources and javadoc] INFO  o.e.m.c.i.e.AbstractTransferListenerAdapter - Downloaded https://repo.maven.apache.org/maven2/org/glassfish/jaxb/txw2/2.3.1/txw2-2.3.1-sources.jar
2024-05-28 12:53:11,678 [Worker-28: Download sources and javadoc] INFO  o.e.m.j.internal.DownloadSourcesJob - Downloaded sources for org.glassfish.jaxb:txw2:2.3.1
2024-05-28 12:53:11,759 [Worker-28: Download sources and javadoc] INFO  o.e.m.c.i.e.AbstractTransferListenerAdapter - Downloading https://repo.maven.apache.org/maven2/com/sun/istack/istack-commons-runtime/3.0.7/istack-commons-runtime-3.0.7-sources.jar
2024-05-28 12:53:11,764 [Worker-28: Download sources and javadoc] INFO  o.e.m.c.i.e.AbstractTransferListenerAdapter - Downloaded https://repo.maven.apache.org/maven2/com/sun/istack/istack-commons-runtime/3.0.7/istack-commons-runtime-3.0.7-sources.jar
2024-05-28 12:53:11,768 [Worker-28: Download sources and javadoc] INFO  o.e.m.j.internal.DownloadSourcesJob - Downloaded sources for com.sun.istack:istack-commons-runtime:3.0.7
2024-05-28 12:53:11,909 [Worker-28: Download sources and javadoc] INFO  o.e.m.c.i.e.AbstractTransferListenerAdapter - Downloading https://repo.maven.apache.org/maven2/org/jvnet/staxex/stax-ex/1.8/stax-ex-1.8-sources.jar
2024-05-28 12:53:11,951 [Worker-28: Download sources and javadoc] INFO  o.e.m.c.i.e.AbstractTransferListenerAdapter - Downloaded https://repo.maven.apache.org/maven2/org/jvnet/staxex/stax-ex/1.8/stax-ex-1.8-sources.jar
2024-05-28 12:53:11,954 [Worker-28: Download sources and javadoc] INFO  o.e.m.j.internal.DownloadSourcesJob - Downloaded sources for org.jvnet.staxex:stax-ex:1.8
2024-05-28 12:53:12,019 [Worker-28: Download sources and javadoc] INFO  o.e.m.c.i.e.AbstractTransferListenerAdapter - Downloading https://repo.maven.apache.org/maven2/com/sun/xml/fastinfoset/FastInfoset/1.2.15/FastInfoset-1.2.15-sources.jar
2024-05-28 12:53:12,077 [Worker-28: Download sources and javadoc] INFO  o.e.m.c.i.e.AbstractTransferListenerAdapter - Downloaded https://repo.maven.apache.org/maven2/com/sun/xml/fastinfoset/FastInfoset/1.2.15/FastInfoset-1.2.15-sources.jar
2024-05-28 12:53:12,081 [Worker-28: Download sources and javadoc] INFO  o.e.m.j.internal.DownloadSourcesJob - Downloaded sources for com.sun.xml.fastinfoset:FastInfoset:1.2.15
2024-05-28 12:53:12,215 [Worker-28: Download sources and javadoc] INFO  o.e.m.c.i.e.AbstractTransferListenerAdapter - Downloading https://repo.maven.apache.org/maven2/com/google/protobuf/protobuf-java/3.21.9/protobuf-java-3.21.9-sources.jar
2024-05-28 12:53:12,453 [Worker-28: Download sources and javadoc] INFO  o.e.m.c.i.e.AbstractTransferListenerAdapter - Downloaded https://repo.maven.apache.org/maven2/com/google/protobuf/protobuf-java/3.21.9/protobuf-java-3.21.9-sources.jar
2024-05-28 12:53:12,455 [Worker-28: Download sources and javadoc] INFO  o.e.m.j.internal.DownloadSourcesJob - Downloaded sources for com.google.protobuf:protobuf-java:3.21.9
2024-05-28 12:54:05,882 [Worker-27: Building] INFO  o.a.m.s.f.DefaultMavenResourcesFiltering - skip non existing resourceDirectory C:\Users\jay-pc\JAVA TTS 11-00 to 12-30\HibernateCore\src\main\resources
2024-05-28 12:54:05,885 [Worker-27: Building] INFO  o.a.m.s.f.DefaultMavenResourcesFiltering - skip non existing resourceDirectory C:\Users\jay-pc\JAVA TTS 11-00 to 12-30\HibernateCore\src\test\resources
2024-05-28 12:54:18,199 [Worker-29: Building] INFO  o.a.m.s.f.DefaultMavenResourcesFiltering - skip non existing resourceDirectory C:\Users\jay-pc\JAVA TTS 11-00 to 12-30\HibernateCore\src\main\resources
2024-05-28 12:54:18,200 [Worker-29: Building] INFO  o.a.m.s.f.DefaultMavenResourcesFiltering - skip non existing resourceDirectory C:\Users\jay-pc\JAVA TTS 11-00 to 12-30\HibernateCore\src\test\resources
2024-05-28 12:55:42,040 [main] INFO  org.hibernate.cfg.Environment - Hibernate 3.5.6-Final
2024-05-28 12:55:42,048 [main] INFO  org.hibernate.cfg.Environment - hibernate.properties not found
2024-05-28 12:55:42,051 [main] INFO  org.hibernate.cfg.Environment - Bytecode provider name : javassist
2024-05-28 12:55:42,057 [main] INFO  org.hibernate.cfg.Environment - using JDK 1.4 java.sql.Timestamp handling
2024-05-28 12:57:05,365 [Worker-27: Building] INFO  o.a.m.s.f.DefaultMavenResourcesFiltering - skip non existing resourceDirectory C:\Users\jay-pc\JAVA TTS 11-00 to 12-30\HibernateCore\src\main\resources
2024-05-28 12:57:05,367 [Worker-27: Building] INFO  o.a.m.s.f.DefaultMavenResourcesFiltering - skip non existing resourceDirectory C:\Users\jay-pc\JAVA TTS 11-00 to 12-30\HibernateCore\src\test\resources
2024-05-28 13:00:01,349 [Worker-27: Building] INFO  o.a.m.s.f.DefaultMavenResourcesFiltering - skip non existing resourceDirectory C:\Users\jay-pc\JAVA TTS 11-00 to 12-30\HibernateCore\src\main\resources
2024-05-28 13:00:01,352 [Worker-27: Building] INFO  o.a.m.s.f.DefaultMavenResourcesFiltering - skip non existing resourceDirectory C:\Users\jay-pc\JAVA TTS 11-00 to 12-30\HibernateCore\src\test\resources
2024-05-28 13:00:13,214 [Worker-32: Building] INFO  o.a.m.s.f.DefaultMavenResourcesFiltering - skip non existing resourceDirectory C:\Users\jay-pc\JAVA TTS 11-00 to 12-30\HibernateCore\src\main\resources
2024-05-28 13:00:13,217 [Worker-32: Building] INFO  o.a.m.s.f.DefaultMavenResourcesFiltering - skip non existing resourceDirectory C:\Users\jay-pc\JAVA TTS 11-00 to 12-30\HibernateCore\src\test\resources
2024-05-28 13:00:46,421 [Worker-30: Building] INFO  o.a.m.s.f.DefaultMavenResourcesFiltering - skip non existing resourceDirectory C:\Users\jay-pc\JAVA TTS 11-00 to 12-30\HibernateCore\src\main\resources
2024-05-28 13:00:46,424 [Worker-30: Building] INFO  o.a.m.s.f.DefaultMavenResourcesFiltering - skip non existing resourceDirectory C:\Users\jay-pc\JAVA TTS 11-00 to 12-30\HibernateCore\src\test\resources
2024-05-28 13:01:23,073 [Worker-25: Building] INFO  o.a.m.s.f.DefaultMavenResourcesFiltering - skip non existing resourceDirectory C:\Users\jay-pc\JAVA TTS 11-00 to 12-30\HibernateCore\src\main\resources
2024-05-28 13:01:23,077 [Worker-25: Building] INFO  o.a.m.s.f.DefaultMavenResourcesFiltering - skip non existing resourceDirectory C:\Users\jay-pc\JAVA TTS 11-00 to 12-30\HibernateCore\src\test\resources
2024-05-28 13:01:37,541 [Worker-29: Building] INFO  o.a.m.s.f.DefaultMavenResourcesFiltering - skip non existing resourceDirectory C:\Users\jay-pc\JAVA TTS 11-00 to 12-30\HibernateCore\src\main\resources
2024-05-28 13:01:37,543 [Worker-29: Building] INFO  o.a.m.s.f.DefaultMavenResourcesFiltering - skip non existing resourceDirectory C:\Users\jay-pc\JAVA TTS 11-00 to 12-30\HibernateCore\src\test\resources
2024-05-28 13:02:02,319 [Worker-25: Building] INFO  o.a.m.s.f.DefaultMavenResourcesFiltering - skip non existing resourceDirectory C:\Users\jay-pc\JAVA TTS 11-00 to 12-30\HibernateCore\src\main\resources
2024-05-28 13:02:02,321 [Worker-25: Building] INFO  o.a.m.s.f.DefaultMavenResourcesFiltering - skip non existing resourceDirectory C:\Users\jay-pc\JAVA TTS 11-00 to 12-30\HibernateCore\src\test\resources
2024-05-28 13:02:15,627 [Worker-27: Building] INFO  o.a.m.s.f.DefaultMavenResourcesFiltering - skip non existing resourceDirectory C:\Users\jay-pc\JAVA TTS 11-00 to 12-30\HibernateCore\src\main\resources
2024-05-28 13:02:15,631 [Worker-27: Building] INFO  o.a.m.s.f.DefaultMavenResourcesFiltering - skip non existing resourceDirectory C:\Users\jay-pc\JAVA TTS 11-00 to 12-30\HibernateCore\src\test\resources
2024-05-28 13:02:55,114 [Worker-25: Building] INFO  o.a.m.s.f.DefaultMavenResourcesFiltering - skip non existing resourceDirectory C:\Users\jay-pc\JAVA TTS 11-00 to 12-30\HibernateCore\src\main\resources
2024-05-28 13:02:55,116 [Worker-25: Building] INFO  o.a.m.s.f.DefaultMavenResourcesFiltering - skip non existing resourceDirectory C:\Users\jay-pc\JAVA TTS 11-00 to 12-30\HibernateCore\src\test\resources
2024-05-28 13:04:00,645 [Worker-27: Building] INFO  o.a.m.s.f.DefaultMavenResourcesFiltering - skip non existing resourceDirectory C:\Users\jay-pc\JAVA TTS 11-00 to 12-30\HibernateCore\src\main\resources
2024-05-28 13:04:00,647 [Worker-27: Building] INFO  o.a.m.s.f.DefaultMavenResourcesFiltering - skip non existing resourceDirectory C:\Users\jay-pc\JAVA TTS 11-00 to 12-30\HibernateCore\src\test\resources
2024-05-28 13:04:38,125 [Worker-25: Building] INFO  o.a.m.s.f.DefaultMavenResourcesFiltering - skip non existing resourceDirectory C:\Users\jay-pc\JAVA TTS 11-00 to 12-30\HibernateCore\src\main\resources
2024-05-28 13:04:38,127 [Worker-25: Building] INFO  o.a.m.s.f.DefaultMavenResourcesFiltering - skip non existing resourceDirectory C:\Users\jay-pc\JAVA TTS 11-00 to 12-30\HibernateCore\src\test\resources
2024-05-28 13:05:27,646 [Worker-29: Building] INFO  o.a.m.s.f.DefaultMavenResourcesFiltering - skip non existing resourceDirectory C:\Users\jay-pc\JAVA TTS 11-00 to 12-30\HibernateCore\src\main\resources
2024-05-28 13:05:27,648 [Worker-29: Building] INFO  o.a.m.s.f.DefaultMavenResourcesFiltering - skip non existing resourceDirectory C:\Users\jay-pc\JAVA TTS 11-00 to 12-30\HibernateCore\src\test\resources
2024-05-28 13:05:41,150 [Worker-32: Building] INFO  o.a.m.s.f.DefaultMavenResourcesFiltering - skip non existing resourceDirectory C:\Users\jay-pc\JAVA TTS 11-00 to 12-30\HibernateCore\src\main\resources
2024-05-28 13:05:41,152 [Worker-32: Building] INFO  o.a.m.s.f.DefaultMavenResourcesFiltering - skip non existing resourceDirectory C:\Users\jay-pc\JAVA TTS 11-00 to 12-30\HibernateCore\src\test\resources
2024-05-28 13:05:50,572 [Worker-30: Building] INFO  o.a.m.s.f.DefaultMavenResourcesFiltering - skip non existing resourceDirectory C:\Users\jay-pc\JAVA TTS 11-00 to 12-30\HibernateCore\src\main\resources
2024-05-28 13:05:50,575 [Worker-30: Building] INFO  o.a.m.s.f.DefaultMavenResourcesFiltering - skip non existing resourceDirectory C:\Users\jay-pc\JAVA TTS 11-00 to 12-30\HibernateCore\src\test\resources
2024-05-28 13:05:59,210 [Worker-32: Building] INFO  o.a.m.s.f.DefaultMavenResourcesFiltering - skip non existing resourceDirectory C:\Users\jay-pc\JAVA TTS 11-00 to 12-30\HibernateCore\src\main\resources
2024-05-28 13:05:59,211 [Worker-32: Building] INFO  o.a.m.s.f.DefaultMavenResourcesFiltering - skip non existing resourceDirectory C:\Users\jay-pc\JAVA TTS 11-00 to 12-30\HibernateCore\src\test\resources
2024-05-28 13:07:00,649 [Worker-25: Building] INFO  o.a.m.s.f.DefaultMavenResourcesFiltering - skip non existing resourceDirectory C:\Users\jay-pc\JAVA TTS 11-00 to 12-30\HibernateCore\src\main\resources
2024-05-28 13:07:00,651 [Worker-25: Building] INFO  o.a.m.s.f.DefaultMavenResourcesFiltering - skip non existing resourceDirectory C:\Users\jay-pc\JAVA TTS 11-00 to 12-30\HibernateCore\src\test\resources
2024-05-28 13:07:45,149 [Worker-25: Building] INFO  o.a.m.s.f.DefaultMavenResourcesFiltering - skip non existing resourceDirectory C:\Users\jay-pc\JAVA TTS 11-00 to 12-30\HibernateCore\src\main\resources
2024-05-28 13:07:45,151 [Worker-25: Building] INFO  o.a.m.s.f.DefaultMavenResourcesFiltering - skip non existing resourceDirectory C:\Users\jay-pc\JAVA TTS 11-00 to 12-30\HibernateCore\src\test\resources
2024-05-28 13:07:48,716 [Worker-29: Building] INFO  o.a.m.s.f.DefaultMavenResourcesFiltering - skip non existing resourceDirectory C:\Users\jay-pc\JAVA TTS 11-00 to 12-30\HibernateCore\src\main\resources
2024-05-28 13:07:48,717 [Worker-29: Building] INFO  o.a.m.s.f.DefaultMavenResourcesFiltering - skip non existing resourceDirectory C:\Users\jay-pc\JAVA TTS 11-00 to 12-30\HibernateCore\src\test\resources
2024-05-28 13:08:08,686 [Worker-32: Building] INFO  o.a.m.s.f.DefaultMavenResourcesFiltering - skip non existing resourceDirectory C:\Users\jay-pc\JAVA TTS 11-00 to 12-30\HibernateCore\src\main\resources
2024-05-28 13:08:08,688 [Worker-32: Building] INFO  o.a.m.s.f.DefaultMavenResourcesFiltering - skip non existing resourceDirectory C:\Users\jay-pc\JAVA TTS 11-00 to 12-30\HibernateCore\src\test\resources
2024-05-28 13:08:13,106 [Worker-25: Building] INFO  o.a.m.s.f.DefaultMavenResourcesFiltering - skip non existing resourceDirectory C:\Users\jay-pc\JAVA TTS 11-00 to 12-30\HibernateCore\src\main\resources
2024-05-28 13:08:13,108 [Worker-25: Building] INFO  o.a.m.s.f.DefaultMavenResourcesFiltering - skip non existing resourceDirectory C:\Users\jay-pc\JAVA TTS 11-00 to 12-30\HibernateCore\src\test\resources
2024-05-28 13:09:34,235 [Worker-32: Building] INFO  o.a.m.s.f.DefaultMavenResourcesFiltering - skip non existing resourceDirectory C:\Users\jay-pc\JAVA TTS 11-00 to 12-30\HibernateCore\src\main\resources
2024-05-28 13:09:34,236 [Worker-32: Building] INFO  o.a.m.s.f.DefaultMavenResourcesFiltering - skip non existing resourceDirectory C:\Users\jay-pc\JAVA TTS 11-00 to 12-30\HibernateCore\src\test\resources
2024-05-28 13:10:31,417 [Worker-27: Building] INFO  o.a.m.s.f.DefaultMavenResourcesFiltering - skip non existing resourceDirectory C:\Users\jay-pc\JAVA TTS 11-00 to 12-30\HibernateCore\src\main\resources
2024-05-28 13:10:31,419 [Worker-27: Building] INFO  o.a.m.s.f.DefaultMavenResourcesFiltering - skip non existing resourceDirectory C:\Users\jay-pc\JAVA TTS 11-00 to 12-30\HibernateCore\src\test\resources
2024-05-28 13:12:05,724 [Worker-33: Building] INFO  o.a.m.s.f.DefaultMavenResourcesFiltering - skip non existing resourceDirectory C:\Users\jay-pc\JAVA TTS 11-00 to 12-30\HibernateCore\src\main\resources
2024-05-28 13:12:05,726 [Worker-33: Building] INFO  o.a.m.s.f.DefaultMavenResourcesFiltering - skip non existing resourceDirectory C:\Users\jay-pc\JAVA TTS 11-00 to 12-30\HibernateCore\src\test\resources
2024-05-28 13:13:08,494 [Worker-29: Building] INFO  o.a.m.s.f.DefaultMavenResourcesFiltering - skip non existing resourceDirectory C:\Users\jay-pc\JAVA TTS 11-00 to 12-30\HibernateCore\src\main\resources
2024-05-28 13:13:08,495 [Worker-29: Building] INFO  o.a.m.s.f.DefaultMavenResourcesFiltering - skip non existing resourceDirectory C:\Users\jay-pc\JAVA TTS 11-00 to 12-30\HibernateCore\src\test\resources
2024-05-28 13:13:32,547 [Worker-27: Building] INFO  o.a.m.s.f.DefaultMavenResourcesFiltering - skip non existing resourceDirectory C:\Users\jay-pc\JAVA TTS 11-00 to 12-30\HibernateCore\src\main\resources
2024-05-28 13:13:32,550 [Worker-27: Building] INFO  o.a.m.s.f.DefaultMavenResourcesFiltering - skip non existing resourceDirectory C:\Users\jay-pc\JAVA TTS 11-00 to 12-30\HibernateCore\src\test\resources
2024-05-28 13:13:41,857 [Worker-33: Building] INFO  o.a.m.s.f.DefaultMavenResourcesFiltering - skip non existing resourceDirectory C:\Users\jay-pc\JAVA TTS 11-00 to 12-30\HibernateCore\src\main\resources
2024-05-28 13:13:41,859 [Worker-33: Building] INFO  o.a.m.s.f.DefaultMavenResourcesFiltering - skip non existing resourceDirectory C:\Users\jay-pc\JAVA TTS 11-00 to 12-30\HibernateCore\src\test\resources
2024-05-28 13:14:16,187 [Worker-34: Building] INFO  o.a.m.s.f.DefaultMavenResourcesFiltering - skip non existing resourceDirectory C:\Users\jay-pc\JAVA TTS 11-00 to 12-30\HibernateCore\src\main\resources
2024-05-28 13:14:16,189 [Worker-34: Building] INFO  o.a.m.s.f.DefaultMavenResourcesFiltering - skip non existing resourceDirectory C:\Users\jay-pc\JAVA TTS 11-00 to 12-30\HibernateCore\src\test\resources
2024-05-28 13:14:27,524 [Worker-27: Building] INFO  o.a.m.s.f.DefaultMavenResourcesFiltering - skip non existing resourceDirectory C:\Users\jay-pc\JAVA TTS 11-00 to 12-30\HibernateCore\src\main\resources
2024-05-28 13:14:27,526 [Worker-27: Building] INFO  o.a.m.s.f.DefaultMavenResourcesFiltering - skip non existing resourceDirectory C:\Users\jay-pc\JAVA TTS 11-00 to 12-30\HibernateCore\src\test\resources
2024-05-28 13:15:12,294 [Worker-27: Building] INFO  o.a.m.s.f.DefaultMavenResourcesFiltering - skip non existing resourceDirectory C:\Users\jay-pc\JAVA TTS 11-00 to 12-30\HibernateCore\src\main\resources
2024-05-28 13:15:12,301 [Worker-27: Building] INFO  o.a.m.s.f.DefaultMavenResourcesFiltering - skip non existing resourceDirectory C:\Users\jay-pc\JAVA TTS 11-00 to 12-30\HibernateCore\src\test\resources
2024-05-28 13:15:19,217 [Worker-34: Building] INFO  o.a.m.s.f.DefaultMavenResourcesFiltering - skip non existing resourceDirectory C:\Users\jay-pc\JAVA TTS 11-00 to 12-30\HibernateCore\src\main\resources
2024-05-28 13:15:19,218 [Worker-34: Building] INFO  o.a.m.s.f.DefaultMavenResourcesFiltering - skip non existing resourceDirectory C:\Users\jay-pc\JAVA TTS 11-00 to 12-30\HibernateCore\src\test\resources
2024-05-28 13:15:22,890 [Worker-25: Building] INFO  o.a.m.s.f.DefaultMavenResourcesFiltering - skip non existing resourceDirectory C:\Users\jay-pc\JAVA TTS 11-00 to 12-30\HibernateCore\src\main\resources
2024-05-28 13:15:22,891 [Worker-25: Building] INFO  o.a.m.s.f.DefaultMavenResourcesFiltering - skip non existing resourceDirectory C:\Users\jay-pc\JAVA TTS 11-00 to 12-30\HibernateCore\src\test\resources
2024-05-28 13:15:36,404 [Worker-33: Building] INFO  o.a.m.s.f.DefaultMavenResourcesFiltering - skip non existing resourceDirectory C:\Users\jay-pc\JAVA TTS 11-00 to 12-30\HibernateCore\src\main\resources
2024-05-28 13:15:36,405 [Worker-33: Building] INFO  o.a.m.s.f.DefaultMavenResourcesFiltering - skip non existing resourceDirectory C:\Users\jay-pc\JAVA TTS 11-00 to 12-30\HibernateCore\src\test\resources
2024-05-28 13:16:49,140 [Worker-25: Building] INFO  o.a.m.s.f.DefaultMavenResourcesFiltering - skip non existing resourceDirectory C:\Users\jay-pc\JAVA TTS 11-00 to 12-30\HibernateCore\src\main\resources
2024-05-28 13:16:49,141 [Worker-25: Building] INFO  o.a.m.s.f.DefaultMavenResourcesFiltering - skip non existing resourceDirectory C:\Users\jay-pc\JAVA TTS 11-00 to 12-30\HibernateCore\src\test\resources
2024-05-28 13:17:00,618 [Worker-33: Building] INFO  o.a.m.s.f.DefaultMavenResourcesFiltering - skip non existing resourceDirectory C:\Users\jay-pc\JAVA TTS 11-00 to 12-30\HibernateCore\src\main\resources
2024-05-28 13:17:00,619 [Worker-33: Building] INFO  o.a.m.s.f.DefaultMavenResourcesFiltering - skip non existing resourceDirectory C:\Users\jay-pc\JAVA TTS 11-00 to 12-30\HibernateCore\src\test\resources
2024-05-28 13:23:02,466 [main] INFO  org.hibernate.cfg.Configuration - configuring from XML document
2024-05-28 13:23:02,468 [main] INFO  org.hibernate.cfg.Configuration - Configured SessionFactory: null
2024-05-28 13:25:06,801 [Worker-32: Building] INFO  o.a.m.s.f.DefaultMavenResourcesFiltering - skip non existing resourceDirectory C:\Users\jay-pc\JAVA TTS 11-00 to 12-30\HibernateCore\src\main\resources
2024-05-28 13:25:06,803 [Worker-32: Building] INFO  o.a.m.s.f.DefaultMavenResourcesFiltering - skip non existing resourceDirectory C:\Users\jay-pc\JAVA TTS 11-00 to 12-30\HibernateCore\src\test\resources
2024-05-28 13:25:16,210 [Worker-35: Building] INFO  o.a.m.s.f.DefaultMavenResourcesFiltering - skip non existing resourceDirectory C:\Users\jay-pc\JAVA TTS 11-00 to 12-30\HibernateCore\src\main\resources
2024-05-28 13:25:16,211 [Worker-35: Building] INFO  o.a.m.s.f.DefaultMavenResourcesFiltering - skip non existing resourceDirectory C:\Users\jay-pc\JAVA TTS 11-00 to 12-30\HibernateCore\src\test\resources
